[2025-04-06 22:20:30,173] [INFO] [api_client.py:34] - API客户端初始化完成，base_url: http://test-api.example.com/api
[2025-04-06 22:20:30,174] [INFO] [test_add_user.py:34] - 开始测试添加用户接口，测试数据: {'username': 'testuser4665', 'name': '测试用户4665', 'phone': '13800004665', 'email': 'test4665@example.com', 'sex': 'man', 'roles': [1], 'is_active': True}
[2025-04-06 22:20:30,174] [INFO] [api_client.py:54] - API请求: POST http://test-api.example.com/api/api/users
[2025-04-06 22:20:33,934] [INFO] [api_client.py:71] - API响应: 502 Bad Gateway
[2025-04-06 22:23:06,558] [INFO] [api_client.py:34] - API客户端初始化完成，base_url: http://test-api.example.com/api
[2025-04-06 22:23:06,559] [INFO] [test_add_user.py:34] - 开始测试添加用户接口，测试数据: {'username': 'testuser5652', 'name': '测试用户5652', 'phone': '13800005652', 'email': 'test5652@example.com', 'sex': 'man', 'roles': [1], 'is_active': True}
[2025-04-06 22:23:06,559] [INFO] [api_client.py:54] - API请求: POST http://localhost:8081/api/users
[2025-04-06 22:23:06,569] [INFO] [api_client.py:71] - API响应: 201 CREATED
[2025-04-06 22:23:06,570] [INFO] [test_add_user.py:48] - 添加用户成功，响应数据: {'created_at': '2025-04-06 22:23:06', 'email': 'test5652@example.com', 'id': 1, 'is_active': True, 'name': '测试用户5652', 'phone': '13800005652', 'roles': [1], 'sex': 'man', 'username': 'testuser5652'}
[2025-04-06 22:23:06,570] [INFO] [test_add_user.py:61] - 添加用户接口测试完成
[2025-04-06 22:26:14,409] [INFO] [api_client.py:34] - API客户端初始化完成，base_url: http://test-api.example.com/api
[2025-04-06 22:26:14,410] [INFO] [test_add_user.py:34] - 开始测试添加用户接口，测试数据: {'username': 'testuser9276', 'name': '测试用户9276', 'phone': '13800009276', 'email': 'test9276@example.com', 'sex': 'man', 'roles': [1], 'is_active': True}
[2025-04-06 22:26:14,410] [INFO] [api_client.py:54] - API请求: POST http://localhost:8080/api/users
[2025-04-06 22:26:14,479] [INFO] [api_client.py:71] - API响应: 500 Internal Server Error
[2025-04-06 22:38:02,368] [INFO] [api_client.py:34] - API客户端初始化完成，base_url: http://test-api.example.com/api
[2025-04-06 22:43:51,485] [INFO] [api_client.py:34] - API客户端初始化完成，base_url: http://test-api.example.com/api
[2025-04-06 22:43:51,670] [INFO] [test_add_user.py:42] - 开始测试添加用户接口，测试数据: {'username': 'testuser4309', 'name': '测试用户4309', 'phone': '13800004309', 'email': 'test4309@example.com', 'sex': 'man', 'roles': [1], 'is_active': True}
[2025-04-06 22:43:51,670] [INFO] [api_client.py:54] - API请求: POST http://localhost:8080/api/users
[2025-04-06 22:43:51,721] [INFO] [api_client.py:71] - API响应: 500 Internal Server Error
[2025-04-06 22:44:28,819] [INFO] [api_client.py:34] - API客户端初始化完成，base_url: http://test-api.example.com/api
[2025-04-06 22:44:29,003] [INFO] [test_add_user.py:42] - 开始测试添加用户接口，测试数据: {'username': 'testuser6933', 'name': '测试用户6933', 'phone': '13800006933', 'email': 'test6933@example.com', 'sex': 'man', 'roles': [1], 'is_active': True}
[2025-04-06 22:44:29,004] [INFO] [api_client.py:54] - API请求: POST http://localhost:8081/api/users
[2025-04-06 22:44:29,005] [ERROR] [api_client.py:125] - 请求异常: HTTPConnectionPool(host='localhost', port=8081): Max retries exceeded with url: /api/users (Caused by NewConnectionError('<urllib3.connection.HTTPConnection object at 0x1104b1ac0>: Failed to establish a new connection: [Errno 61] Connection refused'))
[2025-04-06 22:44:29,005] [INFO] [api_client.py:127] - 重试请求 (1/3)
[2025-04-06 22:44:29,006] [ERROR] [api_client.py:125] - 请求异常: HTTPConnectionPool(host='localhost', port=8081): Max retries exceeded with url: /api/users (Caused by NewConnectionError('<urllib3.connection.HTTPConnection object at 0x1104b1e50>: Failed to establish a new connection: [Errno 61] Connection refused'))
[2025-04-06 22:44:29,007] [INFO] [api_client.py:127] - 重试请求 (2/3)
[2025-04-06 22:44:29,008] [ERROR] [api_client.py:125] - 请求异常: HTTPConnectionPool(host='localhost', port=8081): Max retries exceeded with url: /api/users (Caused by NewConnectionError('<urllib3.connection.HTTPConnection object at 0x1104be280>: Failed to establish a new connection: [Errno 61] Connection refused'))
[2025-04-06 22:45:23,049] [INFO] [api_client.py:34] - API客户端初始化完成，base_url: http://test-api.example.com/api
[2025-04-06 22:45:23,050] [INFO] [conftest.py:124] - 获取认证token
[2025-04-06 22:45:23,266] [INFO] [test_add_user.py:39] - 开始测试添加用户接口，测试数据: {'username': 'testuser3615', 'name': '测试用户3615', 'phone': '13800003615', 'email': 'test3615@example.com', 'sex': 'man', 'roles': [1], 'is_active': True}
[2025-04-06 22:45:23,267] [INFO] [api_client.py:54] - API请求: POST http://test-api.example.com/api/api/users
[2025-04-06 22:45:25,230] [INFO] [api_client.py:71] - API响应: 502 Bad Gateway
[2025-04-06 22:46:11,856] [INFO] [api_client.py:34] - API客户端初始化完成，base_url: http://test-api.example.com/api
[2025-04-06 22:46:11,856] [INFO] [conftest.py:124] - 获取认证token
[2025-04-06 22:46:12,045] [INFO] [test_add_user.py:39] - 开始测试添加用户接口，测试数据: {'username': 'testuser3321', 'name': '测试用户3321', 'phone': '13800003321', 'email': 'test3321@example.com', 'sex': 'man', 'roles': [1], 'is_active': True}
[2025-04-06 22:46:12,046] [INFO] [api_client.py:54] - API请求: POST http://localhost:8080/api/users
[2025-04-06 22:46:12,090] [INFO] [api_client.py:71] - API响应: 500 Internal Server Error
[2025-04-06 22:46:52,105] [INFO] [api_client.py:34] - API客户端初始化完成，base_url: http://test-api.example.com/api
[2025-04-06 22:47:43,178] [INFO] [api_client.py:34] - API客户端初始化完成，base_url: http://test-api.example.com/api
[2025-04-06 22:49:11,745] [INFO] [api_client.py:34] - API客户端初始化完成，base_url: http://test-api.example.com/api
[2025-04-06 22:49:20,222] [INFO] [api_client.py:34] - API客户端初始化完成，base_url: http://test-api.example.com/api
[2025-04-06 22:49:24,173] [INFO] [api_client.py:34] - API客户端初始化完成，base_url: http://test-api.example.com/api
[2025-04-06 22:51:39,393] [INFO] [api_client.py:34] - API客户端初始化完成，base_url: http://test-api.example.com/api
[2025-04-06 22:53:04,949] [INFO] [api_client.py:34] - API客户端初始化完成，base_url: http://test-api.example.com/api
[2025-04-06 22:53:04,950] [INFO] [test_add_user.py:45] - 开始测试添加用户接口，测试数据: {'username': 'testuser6152', 'name': '测试用户6152', 'phone': '13800006152', 'email': 'test6152@example.com', 'sex': 'man', 'roles': [1], 'is_active': True}
[2025-04-06 22:53:04,950] [INFO] [test_add_user.py:48] - 获取登录token
[2025-04-06 22:53:05,146] [INFO] [test_add_user.py:51] - 成功获取token: eyJhbGciOi...
[2025-04-06 22:53:47,547] [INFO] [api_client.py:34] - API客户端初始化完成，base_url: http://test-api.example.com/api
[2025-04-06 22:53:47,548] [INFO] [test_add_user.py:45] - 开始测试添加用户接口，测试数据: {'username': 'testuser4789', 'name': '测试用户4789', 'phone': '13800004789', 'email': 'test4789@example.com', 'sex': 'man', 'roles': [1], 'is_active': True}
[2025-04-06 22:53:47,548] [INFO] [test_add_user.py:48] - 获取登录token
[2025-04-06 22:53:47,751] [INFO] [test_add_user.py:51] - 成功获取token: eyJhbGciOi...
[2025-04-06 22:53:47,751] [INFO] [api_client.py:54] - API请求: POST http://localhost:8080/api/users
[2025-04-06 22:53:47,800] [INFO] [api_client.py:71] - API响应: 500 Internal Server Error
[2025-04-06 22:57:00,446] [INFO] [api_client.py:34] - API客户端初始化完成，base_url: http://test-api.example.com/api
[2025-04-06 22:57:00,447] [INFO] [test_add_user.py:45] - 开始测试添加用户接口，测试数据: {'username': 'testuser9851', 'name': '测试用户9851', 'phone': '13800009851', 'email': 'test9851@example.com', 'sex': 'man', 'roles': [1], 'is_active': True}
[2025-04-06 22:57:00,447] [INFO] [test_add_user.py:48] - 获取登录token
[2025-04-06 22:57:00,665] [INFO] [test_add_user.py:51] - 成功获取token: eyJhbGciOi...
[2025-04-06 22:57:00,665] [INFO] [api_client.py:54] - API请求: POST http://localhost:8080/api/users
[2025-04-06 22:57:00,720] [INFO] [api_client.py:71] - API响应: 500 Internal Server Error
[2025-04-06 23:02:03,029] [INFO] [api_client.py:34] - API客户端初始化完成，base_url: http://test-api.example.com/api
